c:\users\id student\source\repos\petrockplayinggame\debug\vc142.pdb
c:\users\id student\source\repos\petrockplayinggame\debug\vc142.idb
c:\users\id student\source\repos\petrockplayinggame\debug\source.obj
c:\users\id student\source\repos\petrockplayinggame\debug\class.obj
c:\users\id student\source\repos\petrockplayinggame\debug\fight.obj
c:\users\id student\source\repos\petrockplayinggame\debug\character.obj
c:\users\id student\source\repos\petrockplayinggame\debug\enemy.obj
c:\users\id student\source\repos\petrockplayinggame\debug\petrockplayinggame.obj
c:\users\thomh\onedrive\desktop\petrockplayinggame\debug\vc142.pdb
c:\users\thomh\onedrive\desktop\petrockplayinggame\debug\vc142.idb
c:\users\thomh\onedrive\desktop\petrockplayinggame\debug\enemy.obj
c:\users\thomh\onedrive\desktop\petrockplayinggame\debug\fight.obj
c:\users\thomh\onedrive\desktop\petrockplayinggame\debug\character.obj
c:\users\id student\source\repos\petrockplayinggame\debug\petrockplayinggame.exe
c:\users\id student\source\repos\petrockplayinggame\debug\petrockplayinggame.ilk
c:\users\id student\source\repos\petrockplayinggame\debug\petrockplayinggame.pdb
c:\users\thomh\onedrive\desktop\petrockplayinggame\debug\petrockplayinggame.exe
c:\users\thomh\onedrive\desktop\petrockplayinggame\debug\petrockplayinggame.ilk
c:\users\thomh\onedrive\desktop\petrockplayinggame\debug\petrockplayinggame.pdb
c:\users\thomh\onedrive\desktop\petrockplayinggame\debug\class.obj
c:\users\thomh\onedrive\desktop\petrockplayinggame\debug\source.obj
c:\users\thomh\onedrive\desktop\petrockplayinggame\debug\petrockplayinggame.obj.enc
c:\users\thomh\onedrive\desktop\petrockplayinggame\debug\petrockp.7d827a01.tlog\cl.command.1.tlog
c:\users\thomh\onedrive\desktop\petrockplayinggame\debug\petrockp.7d827a01.tlog\cl.read.1.tlog
c:\users\thomh\onedrive\desktop\petrockplayinggame\debug\petrockp.7d827a01.tlog\cl.write.1.tlog
c:\users\thomh\onedrive\desktop\petrockplayinggame\debug\petrockp.7d827a01.tlog\link.command.1.tlog
c:\users\thomh\onedrive\desktop\petrockplayinggame\debug\petrockp.7d827a01.tlog\link.read.1.tlog
c:\users\thomh\onedrive\desktop\petrockplayinggame\debug\petrockp.7d827a01.tlog\link.write.1.tlog
